<?xml version="1.0" encoding="UTF-8"?>
<!-- Generated by org.testng.reporters.JUnitReportReporter -->
<testsuite skipped="0" hostname="LAPTOP-K3RFJ3P7" name="pack.Runner.MyntraRunnerPage" tests="1" failures="0" timestamp="2020-05-22T05:06:33 EDT" time="15.175" errors="0">
  <testcase name="feature" time="15.175" classname="pack.Runner.MyntraRunnerPage"/>
</testsuite> <!-- pack.Runner.MyntraRunnerPage -->
